[START][2025-03-29 12:24:25] LSP logging initiated
[ERROR][2025-03-29 12:24:25] ...p/_transport.lua:36	"rpc"	"C:\\Users\\jdowv\\AppData\\Local\\nvim-data\\mason\\bin\\clangd.CMD"	"stderr"	"I[12:24:25.148] clangd version 20.1.0 (https://github.com/llvm/llvm-project 24a30daaa559829ad079f2ff7f73eb4e18095f88)\r\nI[12:24:25.148] Features: windows+grpc\r\nI[12:24:25.148] PID: 22864\r\n"
[ERROR][2025-03-29 12:24:25] ...p/_transport.lua:36	"rpc"	"C:\\Users\\jdowv\\AppData\\Local\\nvim-data\\mason\\bin\\clangd.CMD"	"stderr"	"I[12:24:25.148] Working directory: C:\\Users\\jdowv\\Programming\r\nI[12:24:25.148] argv[0]: C:\\Users\\jdowv\\AppData\\Local\\nvim-data\\mason\\packages\\clangd\\clangd_20.1.0\\bin\\clangd.exe\r\n"
[ERROR][2025-03-29 12:24:25] ...p/_transport.lua:36	"rpc"	"C:\\Users\\jdowv\\AppData\\Local\\nvim-data\\mason\\bin\\clangd.CMD"	"stderr"	"I[12:24:25.151] Starting LSP over stdin/stdout\r\n"
[ERROR][2025-03-29 12:24:25] ...p/_transport.lua:36	"rpc"	"C:\\Users\\jdowv\\AppData\\Local\\nvim-data\\mason\\bin\\clangd.CMD"	"stderr"	"I[12:24:25.151] <-- initialize(1)\r\n"
[ERROR][2025-03-29 12:24:25] ...p/_transport.lua:36	"rpc"	"C:\\Users\\jdowv\\AppData\\Local\\nvim-data\\mason\\bin\\clangd.CMD"	"stderr"	"I[12:24:25.157] --> reply:initialize(1) 5 ms\r\n"
[ERROR][2025-03-29 12:24:25] ...p/_transport.lua:36	"rpc"	"C:\\Users\\jdowv\\AppData\\Local\\nvim-data\\mason\\bin\\clangd.CMD"	"stderr"	"I[12:24:25.158] <-- initialized\r\nI[12:24:25.158] <-- textDocument/didOpen\r\n"
[ERROR][2025-03-29 12:24:25] ...p/_transport.lua:36	"rpc"	"C:\\Users\\jdowv\\AppData\\Local\\nvim-data\\mason\\bin\\clangd.CMD"	"stderr"	'I[12:24:25.159] Failed to find compilation database for C:\\Users\\jdowv\\Programming\\Logger\\logger.c\r\nI[12:24:25.159] ASTWorker building file C:\\Users\\jdowv\\Programming\\Logger\\logger.c version 0 with command clangd fallback\r\n[C:\\Users\\jdowv\\Programming\\Logger]\r\n"D:\\\\Software\\\\Perl\\\\c\\\\bin\\\\clang" "-resource-dir=C:\\\\Users\\\\jdowv\\\\AppData\\\\Local\\\\nvim-data\\\\mason\\\\packages\\\\clangd\\\\clangd_20.1.0\\\\lib\\\\clang\\\\20" -- "C:\\\\Users\\\\jdowv\\\\Programming\\\\Logger\\\\logger.c"\r\nI[12:24:25.162] <-- textDocument/documentSymbol(2)\r\n'
[ERROR][2025-03-29 12:24:25] ...p/_transport.lua:36	"rpc"	"C:\\Users\\jdowv\\AppData\\Local\\nvim-data\\mason\\bin\\clangd.CMD"	"stderr"	"I[12:24:25.163] <-- textDocument/semanticTokens/full(3)\r\n"
[ERROR][2025-03-29 12:24:26] ...p/_transport.lua:36	"rpc"	"C:\\Users\\jdowv\\AppData\\Local\\nvim-data\\mason\\bin\\clangd.CMD"	"stderr"	"I[12:24:26.335] Built preamble of size 17416384 for file C:\\Users\\jdowv\\Programming\\Logger\\logger.c version 0 in 1.16 seconds\r\n"
[ERROR][2025-03-29 12:24:26] ...p/_transport.lua:36	"rpc"	"C:\\Users\\jdowv\\AppData\\Local\\nvim-data\\mason\\bin\\clangd.CMD"	"stderr"	"I[12:24:26.335] --> workspace/semanticTokens/refresh(0)\r\n"
[ERROR][2025-03-29 12:24:26] ...p/_transport.lua:36	"rpc"	"C:\\Users\\jdowv\\AppData\\Local\\nvim-data\\mason\\bin\\clangd.CMD"	"stderr"	"I[12:24:26.335] Indexing c17 standard library in the context of C:\\Users\\jdowv\\Programming\\Logger\\logger.c\r\n"
[ERROR][2025-03-29 12:24:26] ...p/_transport.lua:36	"rpc"	"C:\\Users\\jdowv\\AppData\\Local\\nvim-data\\mason\\bin\\clangd.CMD"	"stderr"	"I[12:24:26.335] <-- $/cancelRequest\r\nI[12:24:26.335] <-- textDocument/semanticTokens/full(4)\r\n"
[ERROR][2025-03-29 12:24:26] ...p/_transport.lua:36	"rpc"	"C:\\Users\\jdowv\\AppData\\Local\\nvim-data\\mason\\bin\\clangd.CMD"	"stderr"	"I[12:24:26.335] <-- reply(0)\r\n"
[ERROR][2025-03-29 12:24:26] ...p/_transport.lua:36	"rpc"	"C:\\Users\\jdowv\\AppData\\Local\\nvim-data\\mason\\bin\\clangd.CMD"	"stderr"	"I[12:24:26.352] --> textDocument/publishDiagnostics\r\n"
[ERROR][2025-03-29 12:24:26] ...p/_transport.lua:36	"rpc"	"C:\\Users\\jdowv\\AppData\\Local\\nvim-data\\mason\\bin\\clangd.CMD"	"stderr"	"I[12:24:26.352] --> reply:textDocument/documentSymbol(2) 1189 ms\r\n"
[ERROR][2025-03-29 12:24:26] ...p/_transport.lua:36	"rpc"	"C:\\Users\\jdowv\\AppData\\Local\\nvim-data\\mason\\bin\\clangd.CMD"	"stderr"	"I[12:24:26.352] --> reply:textDocument/semanticTokens/full(3) 1189 ms, error: Task was cancelled.\r\nI[12:24:26.353] --> reply:textDocument/semanticTokens/full(4) 17 ms\r\n"
[ERROR][2025-03-29 12:24:26] ...p/_transport.lua:36	"rpc"	"C:\\Users\\jdowv\\AppData\\Local\\nvim-data\\mason\\bin\\clangd.CMD"	"stderr"	"I[12:24:26.568] Indexed c17 standard library: 2740 symbols, 1070 filtered\r\n"
[ERROR][2025-03-29 12:24:27] ...p/_transport.lua:36	"rpc"	"C:\\Users\\jdowv\\AppData\\Local\\nvim-data\\mason\\bin\\clangd.CMD"	"stderr"	"I[12:24:27.107] <-- textDocument/foldingRange(5)\r\n"
[ERROR][2025-03-29 12:24:27] ...p/_transport.lua:36	"rpc"	"C:\\Users\\jdowv\\AppData\\Local\\nvim-data\\mason\\bin\\clangd.CMD"	"stderr"	"I[12:24:27.108] --> reply:textDocument/foldingRange(5) 1 ms\r\n"
[ERROR][2025-03-29 12:24:33] ...p/_transport.lua:36	"rpc"	"C:\\Users\\jdowv\\AppData\\Local\\nvim-data\\mason\\bin\\clangd.CMD"	"stderr"	"I[12:24:33.201] <-- textDocument/hover(6)\r\n"
[ERROR][2025-03-29 12:24:33] ...p/_transport.lua:36	"rpc"	"C:\\Users\\jdowv\\AppData\\Local\\nvim-data\\mason\\bin\\clangd.CMD"	"stderr"	"I[12:24:33.203] --> reply:textDocument/hover(6) 2 ms\r\n"
[ERROR][2025-03-29 12:24:37] ...p/_transport.lua:36	"rpc"	"C:\\Users\\jdowv\\AppData\\Local\\nvim-data\\mason\\bin\\clangd.CMD"	"stderr"	"I[12:24:37.489] <-- textDocument/hover(7)\r\n"
[ERROR][2025-03-29 12:24:37] ...p/_transport.lua:36	"rpc"	"C:\\Users\\jdowv\\AppData\\Local\\nvim-data\\mason\\bin\\clangd.CMD"	"stderr"	"I[12:24:37.491] --> reply:textDocument/hover(7) 1 ms\r\n"
[ERROR][2025-03-29 12:24:48] ...p/_transport.lua:36	"rpc"	"C:\\Users\\jdowv\\AppData\\Local\\nvim-data\\mason\\bin\\clangd.CMD"	"stderr"	"I[12:24:48.495] <-- shutdown(8)\r\nI[12:24:48.495] --> reply:shutdown(8) 0 ms\r\n"
[ERROR][2025-03-29 12:24:48] ...p/_transport.lua:36	"rpc"	"C:\\Users\\jdowv\\AppData\\Local\\nvim-data\\mason\\bin\\clangd.CMD"	"stderr"	"I[12:24:48.495] <-- exit\r\nI[12:24:48.495] LSP finished, exiting with status 0\r\n"
