[00:14:35.770][info] [#0:C:/Users/jdowv/AppData/Local/nvim-data/mason/packages/lua-language-server\main.lua:68]: Lua Lsp startup, root: 	C:/Users/jdowv/AppData/Local/nvim-data/mason/packages/lua-language-server
[00:14:35.770][info] [#0:C:/Users/jdowv/AppData/Local/nvim-data/mason/packages/lua-language-server\main.lua:69]: ROOT:	C:/Users/jdowv/AppData/Local/nvim-data/mason/packages/lua-language-server
[00:14:35.770][info] [#0:C:/Users/jdowv/AppData/Local/nvim-data/mason/packages/lua-language-server\main.lua:70]: LOGPATH:	C:/Users/jdowv/AppData/Local/nvim-data/mason/packages/lua-language-server/log
[00:14:35.771][info] [#0:C:/Users/jdowv/AppData/Local/nvim-data/mason/packages/lua-language-server\main.lua:71]: METAPATH:	C:/Users/jdowv/AppData/Local/nvim-data/mason/packages/lua-language-server/meta
[00:14:35.771][info] [#0:C:/Users/jdowv/AppData/Local/nvim-data/mason/packages/lua-language-server\main.lua:72]: VERSION:	3.15.0
[00:14:35.793][info] [#0:script\proto\proto.lua:260]: Listen Mode: stdio
[00:14:35.793][info] [#0:script\service\service.lua:145]: 
========= Medical Examination Report =========
    --------------- Memory ---------------
        Total: 2.266 MB
        # 00 : 2.266 MB
        # 01 : 0.000 MB
        # 02 : 0.000 MB
        # 03 : 0.000 MB
        # 04 : 0.000 MB
    --------------- Coroutine ---------------
        Total:     0
        Running:   0
        Suspended: 0
        Normal:    0
        Dead:      0
    --------------- Cache ---------------
        Total: 1
        Dead:  0
    ---------------  RPC  ---------------
        Holdon:   0
        Waiting:  0
==============================================
[00:14:35.903][info] [#0:script\client.lua:657]: Client init	{
  capabilities = {
    general = {
      positionEncodings = { "utf-8", "utf-16", "utf-32" }
    },
    textDocument = {
      callHierarchy = {
        dynamicRegistration = false
      },
      codeAction = {
        codeActionLiteralSupport = {
          codeActionKind = {
            valueSet = { "", "quickfix", "refactor", "refactor.extract", "refactor.inline", "refactor.rewrite", "source", "source.organizeImports" }
          }
        },
        dataSupport = true,
        dynamicRegistration = true,
        isPreferredSupport = true,
        resolveSupport = {
          properties = { "edit", "command" }
        }
      },
      codeLens = {
        dynamicRegistration = false,
        resolveSupport = {
          properties = { "command" }
        }
      },
      completion = {
        completionItem = {
          commitCharactersSupport = false,
          deprecatedSupport = true,
          documentationFormat = { "markdown", "plaintext" },
          preselectSupport = false,
          resolveSupport = {
            properties = { "additionalTextEdits", "command" }
          },
          snippetSupport = true,
          tagSupport = {
            valueSet = { 1 }
          }
        },
        completionItemKind = {
          valueSet = { 1, 2, 3, 4, 5, 6, 7, 8, 9, 10, 11, 12, 13, 14, 15, 16, 17, 18, 19, 20, 21, 22, 23, 24, 25 }
        },
        completionList = {
          itemDefaults = { "editRange", "insertTextFormat", "insertTextMode", "data" }
        },
        contextSupport = true,
        dynamicRegistration = false
      },
      declaration = {
        linkSupport = true
      },
      definition = {
        dynamicRegistration = true,
        linkSupport = true
      },
      diagnostic = {
        dynamicRegistration = false
      },
      documentHighlight = {
        dynamicRegistration = false
      },
      documentSymbol = {
        dynamicRegistration = false,
        hierarchicalDocumentSymbolSupport = true,
        symbolKind = {
          valueSet = { 1, 2, 3, 4, 5, 6, 7, 8, 9, 10, 11, 12, 13, 14, 15, 16, 17, 18, 19, 20, 21, 22, 23, 24, 25, 26 }
        }
      },
      foldingRange = {
        dynamicRegistration = false,
        foldingRange = {
          collapsedText = true
        },
        lineFoldingOnly = true
      },
      formatting = {
        dynamicRegistration = true
      },
      hover = {
        contentFormat = { "markdown", "plaintext" },
        dynamicRegistration = true
      },
      implementation = {
        linkSupport = true
      },
      inlayHint = {
        dynamicRegistration = true,
        resolveSupport = {
          properties = { "textEdits", "tooltip", "location", "command" }
        }
      },
      publishDiagnostics = {
        dataSupport = true,
        relatedInformation = true,
        tagSupport = {
          valueSet = { 1, 2 }
        }
      },
      rangeFormatting = {
        dynamicRegistration = true,
        rangesSupport = true
      },
      references = {
        dynamicRegistration = false
      },
      rename = {
        dynamicRegistration = true,
        prepareSupport = true
      },
      semanticTokens = {
        augmentsSyntaxTokens = true,
        dynamicRegistration = false,
        formats = { "relative" },
        multilineTokenSupport = false,
        overlappingTokenSupport = true,
        requests = {
          full = {
            delta = true
          },
          range = false
        },
        serverCancelSupport = false,
        tokenModifiers = { "declaration", "definition", "readonly", "static", "deprecated", "abstract", "async", "modification", "documentation", "defaultLibrary" },
        tokenTypes = { "namespace", "type", "class", "enum", "interface", "struct", "typeParameter", "parameter", "variable", "property", "enumMember", "event", "function", "method", "macro", "keyword", "modifier", "comment", "string", "number", "regexp", "operator", "decorator" }
      },
      signatureHelp = {
        dynamicRegistration = false,
        signatureInformation = {
          activeParameterSupport = true,
          documentationFormat = { "markdown", "plaintext" },
          parameterInformation = {
            labelOffsetSupport = true
          }
        }
      },
      synchronization = {
        didSave = true,
        dynamicRegistration = false,
        willSave = true,
        willSaveWaitUntil = true
      },
      typeDefinition = {
        linkSupport = true
      }
    },
    window = {
      showDocument = {
        support = true
      },
      showMessage = {
        messageActionItem = {
          additionalPropertiesSupport = true
        }
      },
      workDoneProgress = true
    },
    workspace = {
      applyEdit = true,
      configuration = true,
      didChangeConfiguration = {
        dynamicRegistration = false
      },
      didChangeWatchedFiles = {
        dynamicRegistration = true,
        relativePatternSupport = true
      },
      inlayHint = {
        refreshSupport = true
      },
      semanticTokens = {
        refreshSupport = true
      },
      symbol = {
        dynamicRegistration = false,
        symbolKind = {
          valueSet = { 1, 2, 3, 4, 5, 6, 7, 8, 9, 10, 11, 12, 13, 14, 15, 16, 17, 18, 19, 20, 21, 22, 23, 24, 25, 26 }
        }
      },
      workspaceEdit = {
        resourceOperations = { "rename", "create", "delete" }
      },
      workspaceFolders = true
    }
  },
  clientInfo = {
    name = "Neovim",
    version = "0.11.0+ga99c469e54"
  },
  initializationOptions = {},
  processId = 22220,
  rootPath = "C:\\Users\\jdowv\\AppData\\Local\\nvim",
  rootUri = "file:///C:/Users/jdowv/AppData/Local/nvim",
  trace = "off",
  workDoneToken = "1",
  workspaceFolders = { {
      name = "C:/Users/jdowv/AppData/Local/nvim",
      uri = "file:///C:/Users/jdowv/AppData/Local/nvim"
    } }
}
[00:14:35.903][info] [#0:script\language.lua:137]: VSC language: nil
[00:14:35.903][info] [#0:script\language.lua:138]: LS  language: en-us
[00:14:35.903][info] [#0:script\workspace\workspace.lua:38]: Workspace init root: 	file:///C:/Users/jdowv/AppData/Local/nvim
[00:14:35.903][info] [#0:script\workspace\workspace.lua:42]: Log path: 	C:/Users/jdowv/AppData/Local/nvim-data/mason/packages/lua-language-server/log/file_C_Users_jdowv_AppData_Local_nvim.log
[00:14:35.923][info] [#0:script\workspace\workspace.lua:48]: Workspace create: 	file:///c%3A/Users/jdowv/AppData/Local/nvim
[00:14:36.248][warn] [#0:script\config\loader.lua:116]: No config?	{}
[00:14:36.250][info] [#0:script\provider\provider.lua:56]: Load config from .luarc.json/.luarc.jsonc	file:///c%3A/Users/jdowv/AppData/Local/nvim
[00:14:36.250][info] [#0:script\provider\provider.lua:57]: {
  ["diagnostics.globals"] = { "vim" }
}
[00:14:36.358][warn] [#0:script\config\loader.lua:116]: No config?	{}
[00:14:36.358][info] [#0:script\provider\provider.lua:65]: Load config from client	fallback
[00:14:36.358][info] [#0:script\provider\provider.lua:66]: nil
[00:14:36.472][info] [#0:script\library.lua:212]: Init builtin library at:	file:///c%3A/Users/jdowv/AppData/Local/nvim
[00:14:36.506][info] [#0:script\library.lua:212]: Init builtin library at:	nil
[00:14:36.636][info] [#0:script\workspace\workspace.lua:330]: Preload start:	file:///c%3A/Users/jdowv/AppData/Local/nvim
[00:14:36.646][info] [#0:script\workspace\workspace.lua:336]: Scan files at:	file:///c%3A/Users/jdowv/AppData/Local/nvim
[00:14:36.646][info] [#0:script\workspace\workspace.lua:330]: Preload start:	<fallback>
[00:14:36.648][info] [#0:script\workspace\workspace.lua:359]: Scan library at:	file:///c%3A/Users/jdowv/AppData/Local/nvim-data/mason/packages/lua-language-server/meta/Lua%205.4%20en-us%20utf8/coroutine.lua
[00:14:36.648][info] [#0:script\workspace\workspace.lua:359]: Scan library at:	file:///c%3A/Users/jdowv/AppData/Local/nvim-data/mason/packages/lua-language-server/meta/Lua%205.4%20en-us%20utf8/table.lua
[00:14:36.648][info] [#0:script\workspace\workspace.lua:359]: Scan library at:	file:///c%3A/Users/jdowv/AppData/Local/nvim-data/mason/packages/lua-language-server/meta/Lua%205.4%20en-us%20utf8/os.lua
[00:14:36.649][info] [#0:script\workspace\workspace.lua:359]: Scan library at:	file:///c%3A/Users/jdowv/AppData/Local/nvim-data/mason/packages/lua-language-server/meta/Lua%205.4%20en-us%20utf8/io.lua
[00:14:36.649][info] [#0:script\workspace\workspace.lua:359]: Scan library at:	file:///c%3A/Users/jdowv/AppData/Local/nvim-data/mason/packages/lua-language-server/meta/Lua%205.4%20en-us%20utf8/string.lua
[00:14:36.649][info] [#0:script\workspace\workspace.lua:359]: Scan library at:	file:///c%3A/Users/jdowv/AppData/Local/nvim-data/mason/packages/lua-language-server/meta/Lua%205.4%20en-us%20utf8/debug.lua
[00:14:36.649][info] [#0:script\workspace\workspace.lua:359]: Scan library at:	file:///c%3A/Users/jdowv/AppData/Local/nvim-data/mason/packages/lua-language-server/meta/Lua%205.4%20en-us%20utf8/utf8.lua
[00:14:36.650][info] [#0:script\workspace\workspace.lua:359]: Scan library at:	file:///c%3A/Users/jdowv/AppData/Local/nvim-data/mason/packages/lua-language-server/meta/Lua%205.4%20en-us%20utf8/math.lua
[00:14:36.650][info] [#0:script\workspace\workspace.lua:359]: Scan library at:	file:///c%3A/Users/jdowv/AppData/Local/nvim-data/mason/packages/lua-language-server/meta/Lua%205.4%20en-us%20utf8/package.lua
[00:14:36.650][info] [#0:script\workspace\workspace.lua:359]: Scan library at:	file:///c%3A/Users/jdowv/AppData/Local/nvim-data/mason/packages/lua-language-server/meta/Lua%205.4%20en-us%20utf8/builtin.lua
[00:14:36.650][info] [#0:script\workspace\workspace.lua:359]: Scan library at:	file:///c%3A/Users/jdowv/AppData/Local/nvim-data/mason/packages/lua-language-server/meta/Lua%205.4%20en-us%20utf8/basic.lua
[00:14:36.653][info] [#0:script\workspace\workspace.lua:359]: Scan library at:	file:///c%3A/Users/jdowv/AppData/Local/nvim-data/mason/packages/lua-language-server/meta/Lua%205.4%20en-us%20utf8/coroutine.lua
[00:14:36.653][info] [#0:script\workspace\workspace.lua:359]: Scan library at:	file:///c%3A/Users/jdowv/AppData/Local/nvim-data/mason/packages/lua-language-server/meta/Lua%205.4%20en-us%20utf8/table.lua
[00:14:36.653][info] [#0:script\workspace\workspace.lua:359]: Scan library at:	file:///c%3A/Users/jdowv/AppData/Local/nvim-data/mason/packages/lua-language-server/meta/Lua%205.4%20en-us%20utf8/os.lua
[00:14:36.653][info] [#0:script\workspace\workspace.lua:359]: Scan library at:	file:///c%3A/Users/jdowv/AppData/Local/nvim-data/mason/packages/lua-language-server/meta/Lua%205.4%20en-us%20utf8/io.lua
[00:14:36.653][info] [#0:script\workspace\workspace.lua:359]: Scan library at:	file:///c%3A/Users/jdowv/AppData/Local/nvim-data/mason/packages/lua-language-server/meta/Lua%205.4%20en-us%20utf8/string.lua
[00:14:36.654][info] [#0:script\workspace\workspace.lua:359]: Scan library at:	file:///c%3A/Users/jdowv/AppData/Local/nvim-data/mason/packages/lua-language-server/meta/Lua%205.4%20en-us%20utf8/debug.lua
[00:14:36.654][info] [#0:script\workspace\workspace.lua:359]: Scan library at:	file:///c%3A/Users/jdowv/AppData/Local/nvim-data/mason/packages/lua-language-server/meta/Lua%205.4%20en-us%20utf8/utf8.lua
[00:14:36.654][info] [#0:script\workspace\workspace.lua:359]: Scan library at:	file:///c%3A/Users/jdowv/AppData/Local/nvim-data/mason/packages/lua-language-server/meta/Lua%205.4%20en-us%20utf8/math.lua
[00:14:36.654][info] [#0:script\workspace\workspace.lua:359]: Scan library at:	file:///c%3A/Users/jdowv/AppData/Local/nvim-data/mason/packages/lua-language-server/meta/Lua%205.4%20en-us%20utf8/package.lua
[00:14:36.654][info] [#0:script\workspace\workspace.lua:359]: Scan library at:	file:///c%3A/Users/jdowv/AppData/Local/nvim-data/mason/packages/lua-language-server/meta/Lua%205.4%20en-us%20utf8/builtin.lua
[00:14:36.654][info] [#0:script\workspace\workspace.lua:359]: Scan library at:	file:///c%3A/Users/jdowv/AppData/Local/nvim-data/mason/packages/lua-language-server/meta/Lua%205.4%20en-us%20utf8/basic.lua
[00:14:36.761][info] [#0:script\workspace\workspace.lua:385]: Found 11 files at:	<fallback>
[00:14:36.761][info] [#0:script\workspace\loading.lua:160]: Load files from disk:	<fallback>
[00:14:36.762][info] [#0:script\workspace\workspace.lua:385]: Found 44 files at:	file:///c%3A/Users/jdowv/AppData/Local/nvim
[00:14:36.762][info] [#0:script\workspace\loading.lua:160]: Load files from disk:	file:///c%3A/Users/jdowv/AppData/Local/nvim
[00:14:36.762][info] [#0:script\workspace\loading.lua:88]: Skip loaded file: file:///c%3A/Users/jdowv/AppData/Local/nvim/lua/plugins/nvim-treesitter.lua
[00:14:36.870][info] [#0:script\workspace\loading.lua:100]: Preload file at: file:///c%3A/Users/jdowv/AppData/Local/nvim-data/mason/packages/lua-language-server/meta/Lua%205.4%20en-us%20utf8/basic.lua , size = 15.841 KB
[00:14:36.881][info] [#0:script\workspace\loading.lua:112]: ++++As library of:	file:///c%3A/Users/jdowv/AppData/Local/nvim-data/mason/packages/lua-language-server/meta/Lua%205.4%20en-us%20utf8/basic.lua
[00:14:36.881][info] [#0:script\workspace\loading.lua:100]: Preload file at: file:///c%3A/Users/jdowv/AppData/Local/nvim-data/mason/packages/lua-language-server/meta/Lua%205.4%20en-us%20utf8/builtin.lua , size = 0.302 KB
[00:14:36.881][info] [#0:script\workspace\loading.lua:112]: ++++As library of:	file:///c%3A/Users/jdowv/AppData/Local/nvim-data/mason/packages/lua-language-server/meta/Lua%205.4%20en-us%20utf8/builtin.lua
[00:14:36.881][info] [#0:script\workspace\loading.lua:97]: Skip loaded file: file:///c%3A/Users/jdowv/AppData/Local/nvim-data/mason/packages/lua-language-server/meta/Lua%205.4%20en-us%20utf8/builtin.lua
[00:14:36.881][info] [#0:script\workspace\loading.lua:100]: Preload file at: file:///c%3A/Users/jdowv/AppData/Local/nvim-data/mason/packages/lua-language-server/meta/Lua%205.4%20en-us%20utf8/package.lua , size = 2.944 KB
[00:14:36.882][info] [#0:script\workspace\loading.lua:112]: ++++As library of:	file:///c%3A/Users/jdowv/AppData/Local/nvim-data/mason/packages/lua-language-server/meta/Lua%205.4%20en-us%20utf8/package.lua
[00:14:36.882][info] [#0:script\workspace\loading.lua:97]: Skip loaded file: file:///c%3A/Users/jdowv/AppData/Local/nvim-data/mason/packages/lua-language-server/meta/Lua%205.4%20en-us%20utf8/package.lua
[00:14:36.882][info] [#0:script\workspace\loading.lua:100]: Preload file at: file:///c%3A/Users/jdowv/AppData/Local/nvim-data/mason/packages/lua-language-server/meta/Lua%205.4%20en-us%20utf8/math.lua , size = 8.542 KB
[00:14:36.885][info] [#0:script\workspace\loading.lua:112]: ++++As library of:	file:///c%3A/Users/jdowv/AppData/Local/nvim-data/mason/packages/lua-language-server/meta/Lua%205.4%20en-us%20utf8/math.lua
[00:14:36.885][info] [#0:script\workspace\loading.lua:97]: Skip loaded file: file:///c%3A/Users/jdowv/AppData/Local/nvim-data/mason/packages/lua-language-server/meta/Lua%205.4%20en-us%20utf8/math.lua
[00:14:36.885][info] [#0:script\workspace\loading.lua:100]: Preload file at: file:///c%3A/Users/jdowv/AppData/Local/nvim-data/mason/packages/lua-language-server/meta/Lua%205.4%20en-us%20utf8/utf8.lua , size = 2.386 KB
[00:14:36.886][info] [#0:script\workspace\loading.lua:112]: ++++As library of:	file:///c%3A/Users/jdowv/AppData/Local/nvim-data/mason/packages/lua-language-server/meta/Lua%205.4%20en-us%20utf8/utf8.lua
[00:14:36.886][info] [#0:script\workspace\loading.lua:97]: Skip loaded file: file:///c%3A/Users/jdowv/AppData/Local/nvim-data/mason/packages/lua-language-server/meta/Lua%205.4%20en-us%20utf8/utf8.lua
[00:14:36.886][info] [#0:script\workspace\loading.lua:100]: Preload file at: file:///c%3A/Users/jdowv/AppData/Local/nvim-data/mason/packages/lua-language-server/meta/Lua%205.4%20en-us%20utf8/debug.lua , size = 7.637 KB
[00:14:36.889][info] [#0:script\workspace\loading.lua:112]: ++++As library of:	file:///c%3A/Users/jdowv/AppData/Local/nvim-data/mason/packages/lua-language-server/meta/Lua%205.4%20en-us%20utf8/debug.lua
[00:14:36.889][info] [#0:script\workspace\loading.lua:97]: Skip loaded file: file:///c%3A/Users/jdowv/AppData/Local/nvim-data/mason/packages/lua-language-server/meta/Lua%205.4%20en-us%20utf8/debug.lua
[00:14:36.889][info] [#0:script\workspace\loading.lua:97]: Skip loaded file: file:///c%3A/Users/jdowv/AppData/Local/nvim-data/mason/packages/lua-language-server/meta/Lua%205.4%20en-us%20utf8/basic.lua
[00:14:36.889][info] [#0:script\workspace\loading.lua:100]: Preload file at: file:///c%3A/Users/jdowv/AppData/Local/nvim-data/mason/packages/lua-language-server/meta/Lua%205.4%20en-us%20utf8/string.lua , size = 5.234 KB
[00:14:36.890][info] [#0:script\workspace\loading.lua:112]: ++++As library of:	file:///c%3A/Users/jdowv/AppData/Local/nvim-data/mason/packages/lua-language-server/meta/Lua%205.4%20en-us%20utf8/string.lua
[00:14:36.890][info] [#0:script\workspace\loading.lua:100]: Preload file at: file:///c%3A/Users/jdowv/AppData/Local/nvim-data/mason/packages/lua-language-server/meta/Lua%205.4%20en-us%20utf8/io.lua , size = 6.364 KB
[00:14:36.893][info] [#0:script\workspace\loading.lua:112]: ++++As library of:	file:///c%3A/Users/jdowv/AppData/Local/nvim-data/mason/packages/lua-language-server/meta/Lua%205.4%20en-us%20utf8/io.lua
[00:14:36.893][info] [#0:script\workspace\loading.lua:97]: Skip loaded file: file:///c%3A/Users/jdowv/AppData/Local/nvim-data/mason/packages/lua-language-server/meta/Lua%205.4%20en-us%20utf8/string.lua
[00:14:36.893][info] [#0:script\workspace\loading.lua:97]: Skip loaded file: file:///c%3A/Users/jdowv/AppData/Local/nvim-data/mason/packages/lua-language-server/meta/Lua%205.4%20en-us%20utf8/io.lua
[00:14:36.893][info] [#0:script\workspace\loading.lua:100]: Preload file at: file:///c%3A/Users/jdowv/AppData/Local/nvim-data/mason/packages/lua-language-server/meta/Lua%205.4%20en-us%20utf8/os.lua , size = 5.611 KB
[00:14:36.895][info] [#0:script\workspace\loading.lua:112]: ++++As library of:	file:///c%3A/Users/jdowv/AppData/Local/nvim-data/mason/packages/lua-language-server/meta/Lua%205.4%20en-us%20utf8/os.lua
[00:14:36.895][info] [#0:script\workspace\loading.lua:97]: Skip loaded file: file:///c%3A/Users/jdowv/AppData/Local/nvim-data/mason/packages/lua-language-server/meta/Lua%205.4%20en-us%20utf8/os.lua
[00:14:36.895][info] [#0:script\workspace\loading.lua:100]: Preload file at: file:///c%3A/Users/jdowv/AppData/Local/nvim-data/mason/packages/lua-language-server/meta/Lua%205.4%20en-us%20utf8/table.lua , size = 4.445 KB
[00:14:36.896][info] [#0:script\workspace\loading.lua:112]: ++++As library of:	file:///c%3A/Users/jdowv/AppData/Local/nvim-data/mason/packages/lua-language-server/meta/Lua%205.4%20en-us%20utf8/table.lua
[00:14:36.896][info] [#0:script\workspace\loading.lua:97]: Skip loaded file: file:///c%3A/Users/jdowv/AppData/Local/nvim-data/mason/packages/lua-language-server/meta/Lua%205.4%20en-us%20utf8/table.lua
[00:14:36.896][info] [#0:script\workspace\loading.lua:100]: Preload file at: file:///c%3A/Users/jdowv/AppData/Local/nvim-data/mason/packages/lua-language-server/meta/Lua%205.4%20en-us%20utf8/coroutine.lua , size = 2.590 KB
[00:14:36.897][info] [#0:script\workspace\loading.lua:112]: ++++As library of:	file:///c%3A/Users/jdowv/AppData/Local/nvim-data/mason/packages/lua-language-server/meta/Lua%205.4%20en-us%20utf8/coroutine.lua
[00:14:36.897][info] [#0:script\workspace\loading.lua:97]: Skip loaded file: file:///c%3A/Users/jdowv/AppData/Local/nvim-data/mason/packages/lua-language-server/meta/Lua%205.4%20en-us%20utf8/coroutine.lua
[00:14:36.897][info] [#0:script\workspace\loading.lua:100]: Preload file at: file:///c%3A/Users/jdowv/AppData/Local/nvim/lua/config/globals.lua , size = 0.851 KB
[00:14:36.898][info] [#0:script\workspace\loading.lua:100]: Preload file at: file:///c%3A/Users/jdowv/AppData/Local/nvim/init.lua , size = 0.019 KB
[00:14:36.898][info] [#0:script\workspace\loading.lua:100]: Preload file at: file:///c%3A/Users/jdowv/AppData/Local/nvim/lua/config/init.lua , size = 0.649 KB
[00:14:36.898][info] [#0:script\workspace\loading.lua:100]: Preload file at: file:///c%3A/Users/jdowv/AppData/Local/nvim/lua/config/keymaps.lua , size = 1.186 KB
[00:14:36.899][info] [#0:script\workspace\loading.lua:100]: Preload file at: file:///c%3A/Users/jdowv/AppData/Local/nvim/lua/config/options.lua , size = 0.710 KB
[00:14:36.899][info] [#0:script\workspace\loading.lua:100]: Preload file at: file:///c%3A/Users/jdowv/AppData/Local/nvim/lua/inactive/roslyn.lua , size = 0.061 KB
[00:14:36.899][info] [#0:script\workspace\loading.lua:100]: Preload file at: file:///c%3A/Users/jdowv/AppData/Local/nvim/lua/plugins/actions-preview.lua , size = 0.244 KB
[00:14:36.899][info] [#0:script\workspace\loading.lua:100]: Preload file at: file:///c%3A/Users/jdowv/AppData/Local/nvim/lua/inactive/sidebar.lua , size = 0.307 KB
[00:14:36.900][info] [#0:script\workspace\loading.lua:100]: Preload file at: file:///c%3A/Users/jdowv/AppData/Local/nvim/lua/plugins/autopairs.lua , size = 0.076 KB
[00:14:36.900][info] [#0:script\workspace\loading.lua:100]: Preload file at: file:///c%3A/Users/jdowv/AppData/Local/nvim/lua/plugins/barbecue.lua , size = 0.250 KB
[00:14:36.900][info] [#0:script\workspace\loading.lua:100]: Preload file at: file:///c%3A/Users/jdowv/AppData/Local/nvim/lua/plugins/colorscheme.lua , size = 0.458 KB
[00:14:36.900][info] [#0:script\workspace\loading.lua:100]: Preload file at: file:///c%3A/Users/jdowv/AppData/Local/nvim/lua/plugins/comment.lua , size = 0.097 KB
[00:14:36.900][info] [#0:script\workspace\loading.lua:100]: Preload file at: file:///c%3A/Users/jdowv/AppData/Local/nvim/lua/plugins/conform.lua , size = 1.885 KB
[00:14:36.901][info] [#0:script\workspace\loading.lua:100]: Preload file at: file:///c%3A/Users/jdowv/AppData/Local/nvim/lua/plugins/diagflow.lua , size = 0.094 KB
[00:14:36.901][info] [#0:script\workspace\loading.lua:100]: Preload file at: file:///c%3A/Users/jdowv/AppData/Local/nvim/lua/plugins/diffview.lua , size = 0.101 KB
[00:14:36.901][info] [#0:script\workspace\loading.lua:100]: Preload file at: file:///c%3A/Users/jdowv/AppData/Local/nvim/lua/plugins/floatterminal.lua , size = 1.495 KB
[00:14:36.902][info] [#0:script\workspace\loading.lua:100]: Preload file at: file:///c%3A/Users/jdowv/AppData/Local/nvim/lua/plugins/gitsigns.lua , size = 0.141 KB
[00:14:36.903][info] [#0:script\workspace\loading.lua:100]: Preload file at: file:///c%3A/Users/jdowv/AppData/Local/nvim/lua/plugins/indent-blankline.lua , size = 0.097 KB
[00:14:36.903][info] [#0:script\workspace\loading.lua:100]: Preload file at: file:///c%3A/Users/jdowv/AppData/Local/nvim/lua/plugins/init.lua , size = 0.079 KB
[00:14:36.904][info] [#0:script\workspace\loading.lua:100]: Preload file at: file:///c%3A/Users/jdowv/AppData/Local/nvim/lua/plugins/lualine.lua , size = 0.313 KB
[00:14:36.904][info] [#0:script\workspace\loading.lua:100]: Preload file at: file:///c%3A/Users/jdowv/AppData/Local/nvim/lua/plugins/mason-lspconfig.lua , size = 0.199 KB
[00:14:36.904][info] [#0:script\workspace\loading.lua:100]: Preload file at: file:///c%3A/Users/jdowv/AppData/Local/nvim/lua/plugins/mason.lua , size = 0.244 KB
[00:14:36.904][info] [#0:script\workspace\loading.lua:100]: Preload file at: file:///c%3A/Users/jdowv/AppData/Local/nvim/lua/plugins/nvim-cmp.lua , size = 1.472 KB
[00:14:36.904][info] [#0:script\workspace\loading.lua:100]: Preload file at: file:///c%3A/Users/jdowv/AppData/Local/nvim/lua/plugins/nvim-lint.lua , size = 0.363 KB
[00:14:36.905][info] [#0:script\workspace\loading.lua:100]: Preload file at: file:///c%3A/Users/jdowv/AppData/Local/nvim/lua/plugins/nvim-lspconfig.lua , size = 2.792 KB
[00:14:36.905][info] [#0:script\workspace\loading.lua:100]: Preload file at: file:///c%3A/Users/jdowv/AppData/Local/nvim/lua/plugins/oil.lua , size = 0.217 KB
[00:14:36.906][info] [#0:script\workspace\loading.lua:100]: Preload file at: file:///c%3A/Users/jdowv/AppData/Local/nvim/lua/plugins/project.lua , size = 0.153 KB
[00:14:36.906][info] [#0:script\workspace\loading.lua:100]: Preload file at: file:///c%3A/Users/jdowv/AppData/Local/nvim/lua/plugins/smart-splits.lua , size = 0.956 KB
[00:14:36.906][info] [#0:script\workspace\loading.lua:100]: Preload file at: file:///c%3A/Users/jdowv/AppData/Local/nvim/lua/plugins/surround.lua , size = 0.214 KB
[00:14:36.906][info] [#0:script\workspace\loading.lua:100]: Preload file at: file:///c%3A/Users/jdowv/AppData/Local/nvim/lua/plugins/telescope.lua , size = 0.858 KB
[00:14:36.906][info] [#0:script\workspace\loading.lua:100]: Preload file at: file:///c%3A/Users/jdowv/AppData/Local/nvim/lua/plugins/ufo.lua , size = 0.802 KB
[00:14:36.907][info] [#0:script\workspace\loading.lua:100]: Preload file at: file:///c%3A/Users/jdowv/AppData/Local/nvim/lua/plugins/whichkey.lua , size = 0.072 KB
[00:14:37.013][info] [#0:script\workspace\loading.lua:172]: Loaded files takes [0.252] sec: <fallback>
[00:14:37.013][info] [#0:script\workspace\loading.lua:181]: Compile files takes [0.000] sec: <fallback>
[00:14:37.013][info] [#0:script\workspace\loading.lua:182]: Loaded finish:	<fallback>
[00:14:37.013][info] [#0:script\workspace\workspace.lua:387]: Preload finish at:	<fallback>
[00:14:37.020][info] [#0:script\workspace\loading.lua:172]: Loaded files takes [0.259] sec: file:///c%3A/Users/jdowv/AppData/Local/nvim
[00:14:37.021][info] [#0:script\workspace\loading.lua:181]: Compile files takes [0.000] sec: file:///c%3A/Users/jdowv/AppData/Local/nvim
[00:14:37.021][info] [#0:script\workspace\loading.lua:182]: Loaded finish:	file:///c%3A/Users/jdowv/AppData/Local/nvim
[00:14:37.021][info] [#0:script\workspace\workspace.lua:387]: Preload finish at:	file:///c%3A/Users/jdowv/AppData/Local/nvim
[00:14:37.028][warn] [#0:script\proto\proto.lua:189]: Method [textDocument/didOpen] takes [0.887]sec. {
  jsonrpc = "2.0",
  method = "textDocument/didOpen",
  params = {
    textDocument = {
      languageId = "lua",
      text = '"***"',
      uri = "file:///C:/Users/jdowv/AppData/Local/nvim/lua/plugins/nvim-treesitter.lua",
      version = 0
    }
  }
}
[00:14:37.030][info] [#0:script\provider\diagnostic.lua:560]: Diagnostics scope [file:///c%3A/Users/jdowv/AppData/Local/nvim], files count:[44]
[00:14:37.030][warn] [#0:script\proto\proto.lua:189]: Method [textDocument/semanticTokens/full] takes [0.565]sec. {
  id = 6,
  jsonrpc = "2.0",
  method = "textDocument/semanticTokens/full",
  params = {
    textDocument = {
      uri = "file:///C:/Users/jdowv/AppData/Local/nvim/lua/plugins/nvim-treesitter.lua"
    }
  }
}
[00:14:37.034][warn] [#0:script\proto\proto.lua:189]: Method [textDocument/foldingRange] takes [0.675]sec. {
  id = 4,
  jsonrpc = "2.0",
  method = "textDocument/foldingRange",
  params = {
    textDocument = {
      uri = "file:///C:/Users/jdowv/AppData/Local/nvim/lua/plugins/nvim-treesitter.lua"
    }
  }
}
[00:14:37.035][warn] [#0:script\proto\proto.lua:189]: Method [textDocument/foldingRange] takes [0.674]sec. {
  id = 5,
  jsonrpc = "2.0",
  method = "textDocument/foldingRange",
  params = {
    textDocument = {
      uri = "file:///C:/Users/jdowv/AppData/Local/nvim/lua/plugins/nvim-treesitter.lua"
    }
  }
}
[00:14:37.035][warn] [#0:script\proto\proto.lua:189]: Method [textDocument/documentSymbol] takes [0.894]sec. {
  id = 2,
  jsonrpc = "2.0",
  method = "textDocument/documentSymbol",
  params = {
    textDocument = {
      uri = "file:///C:/Users/jdowv/AppData/Local/nvim/lua/plugins/nvim-treesitter.lua"
    }
  }
}
[00:14:37.074][info] [#0:script\provider\diagnostic.lua:577]: Diagnostics scope [file:///c%3A/Users/jdowv/AppData/Local/nvim] finished, takes [0.044] sec.
[00:14:40.841][info] [#0:script\provider\diagnostic.lua:171]: clearDiagnostics	file:///c%3A/Users/jdowv/AppData/Local/nvim/lua/plugins/nvim-treesitter.lua
[00:14:41.286][info] [#0:script\provider\diagnostic.lua:171]: clearDiagnostics	file:///c%3A/Users/jdowv/AppData/Local/nvim/lua/plugins/nvim-treesitter.lua
[00:14:43.949][info] [#0:script\workspace\workspace.lua:290]: Scan files at:	file:///c%3A/Users/jdowv/AppData/Local/nvim/lua/plugins/nvim-treesitter.lua
[00:14:43.949][info] [#0:script\workspace\loading.lua:160]: Load files from disk:	file:///c%3A/Users/jdowv/AppData/Local/nvim/lua/plugins/nvim-treesitter.lua
[00:14:43.949][info] [#0:script\workspace\loading.lua:88]: Skip loaded file: file:///c%3A/Users/jdowv/AppData/Local/nvim/lua/plugins/nvim-treesitter.lua
[00:14:43.949][info] [#0:script\workspace\loading.lua:172]: Loaded files takes [0.000] sec: file:///c%3A/Users/jdowv/AppData/Local/nvim/lua/plugins/nvim-treesitter.lua
[00:14:43.949][info] [#0:script\workspace\loading.lua:181]: Compile files takes [0.000] sec: file:///c%3A/Users/jdowv/AppData/Local/nvim/lua/plugins/nvim-treesitter.lua
[00:14:43.949][info] [#0:script\workspace\loading.lua:182]: Loaded finish:	file:///c%3A/Users/jdowv/AppData/Local/nvim/lua/plugins/nvim-treesitter.lua
[00:14:47.899][info] [#0:script\provider\diagnostic.lua:560]: Diagnostics scope [file:///c%3A/Users/jdowv/AppData/Local/nvim], files count:[44]
[00:14:47.936][info] [#0:script\provider\diagnostic.lua:577]: Diagnostics scope [file:///c%3A/Users/jdowv/AppData/Local/nvim] finished, takes [0.037] sec.
[00:15:44.548][info] [#0:script\provider\provider.lua:176]: Server shutdown.
[00:15:44.658][warn] [#0:script\pub\report.lua:24]: Load proto error:	Disconnected!
